\BOOKMARK [0][-]{chapter.1}{\376\377\0001\000\040\000T\000o\000d\000o\000\040\000L\000i\000s\000t}{}% 1
\BOOKMARK [0][-]{chapter.2}{\376\377\0002\000\040\000M\000o\000d\000u\000l\000e\000\040\000I\000n\000d\000e\000x}{}% 2
\BOOKMARK [1][-]{section.2.1}{\376\377\0002\000.\0001\000\040\000M\000o\000d\000u\000l\000e\000s}{chapter.2}% 3
\BOOKMARK [0][-]{chapter.3}{\376\377\0003\000\040\000D\000a\000t\000a\000\040\000S\000t\000r\000u\000c\000t\000u\000r\000e\000\040\000I\000n\000d\000e\000x}{}% 4
\BOOKMARK [1][-]{section.3.1}{\376\377\0003\000.\0001\000\040\000D\000a\000t\000a\000\040\000S\000t\000r\000u\000c\000t\000u\000r\000e\000s}{chapter.3}% 5
\BOOKMARK [0][-]{chapter.4}{\376\377\0004\000\040\000F\000i\000l\000e\000\040\000I\000n\000d\000e\000x}{}% 6
\BOOKMARK [1][-]{section.4.1}{\376\377\0004\000.\0001\000\040\000F\000i\000l\000e\000\040\000L\000i\000s\000t}{chapter.4}% 7
\BOOKMARK [0][-]{chapter.5}{\376\377\0005\000\040\000M\000o\000d\000u\000l\000e\000\040\000D\000o\000c\000u\000m\000e\000n\000t\000a\000t\000i\000o\000n}{}% 8
\BOOKMARK [1][-]{section.5.1}{\376\377\0005\000.\0001\000\040\000E\000L\000F\000\040\000L\000o\000a\000d\000e\000r}{chapter.5}% 9
\BOOKMARK [2][-]{subsection.5.1.1}{\376\377\0005\000.\0001\000.\0001\000\040\000D\000e\000t\000a\000i\000l\000e\000d\000\040\000D\000e\000s\000c\000r\000i\000p\000t\000i\000o\000n}{section.5.1}% 10
\BOOKMARK [2][-]{subsection.5.1.2}{\376\377\0005\000.\0001\000.\0002\000\040\000E\000n\000u\000m\000e\000r\000a\000t\000i\000o\000n\000\040\000T\000y\000p\000e\000\040\000D\000o\000c\000u\000m\000e\000n\000t\000a\000t\000i\000o\000n}{section.5.1}% 11
\BOOKMARK [3][-]{subsubsection.5.1.2.1}{\376\377\0005\000.\0001\000.\0002\000.\0001\000\040\000E\000L\000F\000S\000e\000c\000P\000e\000r\000m\000t}{subsection.5.1.2}% 12
\BOOKMARK [2][-]{subsection.5.1.3}{\376\377\0005\000.\0001\000.\0003\000\040\000F\000u\000n\000c\000t\000i\000o\000n\000\040\000D\000o\000c\000u\000m\000e\000n\000t\000a\000t\000i\000o\000n}{section.5.1}% 13
\BOOKMARK [3][-]{subsubsection.5.1.3.1}{\376\377\0005\000.\0001\000.\0003\000.\0001\000\040\000e\000x\000e\000c\000e\000l\000f\000\050\000c\000o\000n\000s\000t\000\040\000c\000h\000a\000r\000\040\000*\000p\000a\000t\000h\000,\000\040\000c\000o\000n\000s\000t\000\040\000E\000L\000F\000E\000n\000v\000t\000\040\000*\000e\000n\000v\000\051}{subsection.5.1.3}% 14
\BOOKMARK [1][-]{section.5.2}{\376\377\0005\000.\0002\000\040\000C\000a\000n\000\137\000a\000p\000i}{chapter.5}% 15
\BOOKMARK [2][-]{subsection.5.2.1}{\376\377\0005\000.\0002\000.\0001\000\040\000D\000e\000t\000a\000i\000l\000e\000d\000\040\000D\000e\000s\000c\000r\000i\000p\000t\000i\000o\000n}{section.5.2}% 16
\BOOKMARK [2][-]{subsection.5.2.2}{\376\377\0005\000.\0002\000.\0002\000\040\000M\000a\000c\000r\000o\000\040\000D\000e\000f\000i\000n\000i\000t\000i\000o\000n\000\040\000D\000o\000c\000u\000m\000e\000n\000t\000a\000t\000i\000o\000n}{section.5.2}% 17
\BOOKMARK [3][-]{subsubsection.5.2.2.1}{\376\377\0005\000.\0002\000.\0002\000.\0001\000\040\000C\000A\000N\000I\000N\000T\000E\000R\000R\000O\000R}{subsection.5.2.2}% 18
\BOOKMARK [3][-]{subsubsection.5.2.2.2}{\376\377\0005\000.\0002\000.\0002\000.\0002\000\040\000C\000A\000N\000I\000N\000T\000M\000A\000S\000T\000E\000R}{subsection.5.2.2}% 19
\BOOKMARK [3][-]{subsubsection.5.2.2.3}{\376\377\0005\000.\0002\000.\0002\000.\0003\000\040\000C\000A\000N\000I\000N\000T\000S\000T\000A\000T\000U\000S}{subsection.5.2.2}% 20
\BOOKMARK [3][-]{subsubsection.5.2.2.4}{\376\377\0005\000.\0002\000.\0002\000.\0004\000\040\000C\000A\000N\000S\000T\000A\000T\000U\000S\000T\000X\000O\000K}{subsection.5.2.2}% 21
\BOOKMARK [3][-]{subsubsection.5.2.2.5}{\376\377\0005\000.\0002\000.\0002\000.\0005\000\040\000M\000S\000G\000O\000B\000J\000D\000A\000T\000A\000L\000O\000S\000T}{subsection.5.2.2}% 22
\BOOKMARK [3][-]{subsubsection.5.2.2.6}{\376\377\0005\000.\0002\000.\0002\000.\0006\000\040\000M\000S\000G\000O\000B\000J\000E\000X\000T\000E\000N\000D\000E\000D\000I\000D}{subsection.5.2.2}% 23
\BOOKMARK [3][-]{subsubsection.5.2.2.7}{\376\377\0005\000.\0002\000.\0002\000.\0007\000\040\000M\000S\000G\000O\000B\000J\000F\000I\000F\000O}{subsection.5.2.2}% 24
\BOOKMARK [3][-]{subsubsection.5.2.2.8}{\376\377\0005\000.\0002\000.\0002\000.\0008\000\040\000M\000S\000G\000O\000B\000J\000R\000X\000I\000N\000T\000E\000N\000A\000B\000L\000E}{subsection.5.2.2}% 25
\BOOKMARK [3][-]{subsubsection.5.2.2.9}{\376\377\0005\000.\0002\000.\0002\000.\0009\000\040\000M\000S\000G\000O\000B\000J\000S\000T\000A\000T\000U\000S\000M\000A\000S\000K}{subsection.5.2.2}% 26
\BOOKMARK [3][-]{subsubsection.5.2.2.10}{\376\377\0005\000.\0002\000.\0002\000.\0001\0000\000\040\000M\000S\000G\000O\000B\000J\000T\000X\000I\000N\000T\000E\000N\000A\000B\000L\000E}{subsection.5.2.2}% 27
\BOOKMARK [3][-]{subsubsection.5.2.2.11}{\376\377\0005\000.\0002\000.\0002\000.\0001\0001\000\040\000M\000S\000G\000O\000B\000J\000U\000S\000E\000D\000I\000R\000F\000I\000L\000T\000E\000R}{subsection.5.2.2}% 28
\BOOKMARK [3][-]{subsubsection.5.2.2.12}{\376\377\0005\000.\0002\000.\0002\000.\0001\0002\000\040\000M\000S\000G\000O\000B\000J\000U\000S\000E\000E\000X\000T\000F\000I\000L\000T\000E\000R}{subsection.5.2.2}% 29
\BOOKMARK [3][-]{subsubsection.5.2.2.13}{\376\377\0005\000.\0002\000.\0002\000.\0001\0003\000\040\000M\000S\000G\000O\000B\000J\000U\000S\000E\000I\000D\000F\000I\000L\000T\000E\000R}{subsection.5.2.2}% 30
\BOOKMARK [2][-]{subsection.5.2.3}{\376\377\0005\000.\0002\000.\0003\000\040\000E\000n\000u\000m\000e\000r\000a\000t\000i\000o\000n\000\040\000T\000y\000p\000e\000\040\000D\000o\000c\000u\000m\000e\000n\000t\000a\000t\000i\000o\000n}{section.5.2}% 31
\BOOKMARK [3][-]{subsubsection.5.2.3.1}{\376\377\0005\000.\0002\000.\0003\000.\0001\000\040\000t\000C\000A\000N\000I\000n\000t\000S\000t\000s\000R\000e\000g}{subsection.5.2.3}% 32
\BOOKMARK [3][-]{subsubsection.5.2.3.2}{\376\377\0005\000.\0002\000.\0003\000.\0002\000\040\000t\000C\000A\000N\000S\000t\000s\000R\000e\000g}{subsection.5.2.3}% 33
\BOOKMARK [3][-]{subsubsection.5.2.3.3}{\376\377\0005\000.\0002\000.\0003\000.\0003\000\040\000t\000M\000s\000g\000O\000b\000j\000T\000y\000p\000e}{subsection.5.2.3}% 34
\BOOKMARK [0][-]{chapter.6}{\376\377\0006\000\040\000D\000a\000t\000a\000\040\000S\000t\000r\000u\000c\000t\000u\000r\000e\000\040\000D\000o\000c\000u\000m\000e\000n\000t\000a\000t\000i\000o\000n}{}% 35
\BOOKMARK [1][-]{section.6.1}{\376\377\0006\000.\0001\000\040\000\137\000h\000e\000a\000p\000\137\000o\000w\000n\000e\000r\000\137\000s\000\040\000S\000t\000r\000u\000c\000t\000\040\000R\000e\000f\000e\000r\000e\000n\000c\000e}{chapter.6}% 36
\BOOKMARK [1][-]{section.6.2}{\376\377\0006\000.\0002\000\040\000\137\000p\000c\000b\000\137\000s\000\040\000S\000t\000r\000u\000c\000t\000\040\000R\000e\000f\000e\000r\000e\000n\000c\000e}{chapter.6}% 37
\BOOKMARK [1][-]{section.6.3}{\376\377\0006\000.\0003\000\040\000\137\000t\000c\000b\000\137\000s\000\040\000S\000t\000r\000u\000c\000t\000\040\000R\000e\000f\000e\000r\000e\000n\000c\000e}{chapter.6}% 38
\BOOKMARK [1][-]{section.6.4}{\376\377\0006\000.\0004\000\040\000D\000I\000R\000\040\000S\000t\000r\000u\000c\000t\000\040\000R\000e\000f\000e\000r\000e\000n\000c\000e}{chapter.6}% 39
\BOOKMARK [2][-]{subsection.6.4.1}{\376\377\0006\000.\0004\000.\0001\000\040\000D\000e\000t\000a\000i\000l\000e\000d\000\040\000D\000e\000s\000c\000r\000i\000p\000t\000i\000o\000n}{section.6.4}% 40
\BOOKMARK [1][-]{section.6.5}{\376\377\0006\000.\0005\000\040\000E\000l\000f\0003\0002\000\137\000D\000y\000n\000\040\000S\000t\000r\000u\000c\000t\000\040\000R\000e\000f\000e\000r\000e\000n\000c\000e}{chapter.6}% 41
\BOOKMARK [1][-]{section.6.6}{\376\377\0006\000.\0006\000\040\000E\000l\000f\0003\0002\000\137\000E\000h\000d\000r\000\040\000S\000t\000r\000u\000c\000t\000\040\000R\000e\000f\000e\000r\000e\000n\000c\000e}{chapter.6}% 42
\BOOKMARK [1][-]{section.6.7}{\376\377\0006\000.\0007\000\040\000E\000l\000f\0003\0002\000\137\000P\000h\000d\000r\000\040\000S\000t\000r\000u\000c\000t\000\040\000R\000e\000f\000e\000r\000e\000n\000c\000e}{chapter.6}% 43
\BOOKMARK [1][-]{section.6.8}{\376\377\0006\000.\0008\000\040\000E\000l\000f\0003\0002\000\137\000R\000e\000l\000\040\000S\000t\000r\000u\000c\000t\000\040\000R\000e\000f\000e\000r\000e\000n\000c\000e}{chapter.6}% 44
\BOOKMARK [1][-]{section.6.9}{\376\377\0006\000.\0009\000\040\000E\000l\000f\0003\0002\000\137\000R\000e\000l\000a\000\040\000S\000t\000r\000u\000c\000t\000\040\000R\000e\000f\000e\000r\000e\000n\000c\000e}{chapter.6}% 45
\BOOKMARK [1][-]{section.6.10}{\376\377\0006\000.\0001\0000\000\040\000E\000l\000f\0003\0002\000\137\000S\000h\000d\000r\000\040\000S\000t\000r\000u\000c\000t\000\040\000R\000e\000f\000e\000r\000e\000n\000c\000e}{chapter.6}% 46
\BOOKMARK [1][-]{section.6.11}{\376\377\0006\000.\0001\0001\000\040\000E\000l\000f\0003\0002\000\137\000S\000y\000m\000\040\000S\000t\000r\000u\000c\000t\000\040\000R\000e\000f\000e\000r\000e\000n\000c\000e}{chapter.6}% 47
\BOOKMARK [1][-]{section.6.12}{\376\377\0006\000.\0001\0002\000\040\000E\000L\000F\000E\000n\000v\000\137\000t\000\040\000S\000t\000r\000u\000c\000t\000\040\000R\000e\000f\000e\000r\000e\000n\000c\000e}{chapter.6}% 48
\BOOKMARK [2][-]{subsection.6.12.1}{\376\377\0006\000.\0001\0002\000.\0001\000\040\000D\000e\000t\000a\000i\000l\000e\000d\000\040\000D\000e\000s\000c\000r\000i\000p\000t\000i\000o\000n}{section.6.12}% 49
\BOOKMARK [2][-]{subsection.6.12.2}{\376\377\0006\000.\0001\0002\000.\0002\000\040\000F\000i\000e\000l\000d\000\040\000D\000o\000c\000u\000m\000e\000n\000t\000a\000t\000i\000o\000n}{section.6.12}% 50
\BOOKMARK [3][-]{subsubsection.6.12.2.1}{\376\377\0006\000.\0001\0002\000.\0002\000.\0001\000\040\000e\000x\000p\000o\000r\000t\000e\000d}{subsection.6.12.2}% 51
\BOOKMARK [3][-]{subsubsection.6.12.2.2}{\376\377\0006\000.\0001\0002\000.\0002\000.\0002\000\040\000e\000x\000p\000o\000r\000t\000e\000d\000s\000i\000z\000e}{subsection.6.12.2}% 52
\BOOKMARK [1][-]{section.6.13}{\376\377\0006\000.\0001\0003\000\040\000E\000L\000F\000S\000y\000m\000b\000o\000l\000\137\000t\000\040\000S\000t\000r\000u\000c\000t\000\040\000R\000e\000f\000e\000r\000e\000n\000c\000e}{chapter.6}% 53
\BOOKMARK [2][-]{subsection.6.13.1}{\376\377\0006\000.\0001\0003\000.\0001\000\040\000D\000e\000t\000a\000i\000l\000e\000d\000\040\000D\000e\000s\000c\000r\000i\000p\000t\000i\000o\000n}{section.6.13}% 54
\BOOKMARK [2][-]{subsection.6.13.2}{\376\377\0006\000.\0001\0003\000.\0002\000\040\000F\000i\000e\000l\000d\000\040\000D\000o\000c\000u\000m\000e\000n\000t\000a\000t\000i\000o\000n}{section.6.13}% 55
\BOOKMARK [3][-]{subsubsection.6.13.2.1}{\376\377\0006\000.\0001\0003\000.\0002\000.\0001\000\040\000n\000a\000m\000e}{subsection.6.13.2}% 56
\BOOKMARK [3][-]{subsubsection.6.13.2.2}{\376\377\0006\000.\0001\0003\000.\0002\000.\0002\000\040\000p\000t\000r}{subsection.6.13.2}% 57
\BOOKMARK [1][-]{section.6.14}{\376\377\0006\000.\0001\0004\000\040\000e\000v\000e\000n\000t\000\137\000t\000\040\000S\000t\000r\000u\000c\000t\000\040\000R\000e\000f\000e\000r\000e\000n\000c\000e}{chapter.6}% 58
\BOOKMARK [1][-]{section.6.15}{\376\377\0006\000.\0001\0005\000\040\000F\000A\000T\000F\000S\000\040\000S\000t\000r\000u\000c\000t\000\040\000R\000e\000f\000e\000r\000e\000n\000c\000e}{chapter.6}% 59
\BOOKMARK [2][-]{subsection.6.15.1}{\376\377\0006\000.\0001\0005\000.\0001\000\040\000D\000e\000t\000a\000i\000l\000e\000d\000\040\000D\000e\000s\000c\000r\000i\000p\000t\000i\000o\000n}{section.6.15}% 60
\BOOKMARK [1][-]{section.6.16}{\376\377\0006\000.\0001\0006\000\040\000F\000I\000L\000\040\000S\000t\000r\000u\000c\000t\000\040\000R\000e\000f\000e\000r\000e\000n\000c\000e}{chapter.6}% 61
\BOOKMARK [2][-]{subsection.6.16.1}{\376\377\0006\000.\0001\0006\000.\0001\000\040\000D\000e\000t\000a\000i\000l\000e\000d\000\040\000D\000e\000s\000c\000r\000i\000p\000t\000i\000o\000n}{section.6.16}% 62
\BOOKMARK [1][-]{section.6.17}{\376\377\0006\000.\0001\0007\000\040\000F\000I\000L\000I\000N\000F\000O\000\040\000S\000t\000r\000u\000c\000t\000\040\000R\000e\000f\000e\000r\000e\000n\000c\000e}{chapter.6}% 63
\BOOKMARK [2][-]{subsection.6.17.1}{\376\377\0006\000.\0001\0007\000.\0001\000\040\000D\000e\000t\000a\000i\000l\000e\000d\000\040\000D\000e\000s\000c\000r\000i\000p\000t\000i\000o\000n}{section.6.17}% 64
\BOOKMARK [1][-]{section.6.18}{\376\377\0006\000.\0001\0008\000\040\000h\000e\000a\000p\000\137\000s\000t\000a\000t\000s\000\040\000S\000t\000r\000u\000c\000t\000\040\000R\000e\000f\000e\000r\000e\000n\000c\000e}{chapter.6}% 65
\BOOKMARK [1][-]{section.6.19}{\376\377\0006\000.\0001\0009\000\040\000S\000e\000m\000a\0004\000\040\000S\000t\000r\000u\000c\000t\000\040\000R\000e\000f\000e\000r\000e\000n\000c\000e}{chapter.6}% 66
\BOOKMARK [1][-]{section.6.20}{\376\377\0006\000.\0002\0000\000\040\000t\000C\000A\000N\000B\000i\000t\000C\000l\000k\000P\000a\000r\000m\000s\000\040\000S\000t\000r\000u\000c\000t\000\040\000R\000e\000f\000e\000r\000e\000n\000c\000e}{chapter.6}% 67
\BOOKMARK [2][-]{subsection.6.20.1}{\376\377\0006\000.\0002\0000\000.\0001\000\040\000D\000e\000t\000a\000i\000l\000e\000d\000\040\000D\000e\000s\000c\000r\000i\000p\000t\000i\000o\000n}{section.6.20}% 68
\BOOKMARK [2][-]{subsection.6.20.2}{\376\377\0006\000.\0002\0000\000.\0002\000\040\000F\000i\000e\000l\000d\000\040\000D\000o\000c\000u\000m\000e\000n\000t\000a\000t\000i\000o\000n}{section.6.20}% 69
\BOOKMARK [3][-]{subsubsection.6.20.2.1}{\376\377\0006\000.\0002\0000\000.\0002\000.\0001\000\040\000u\000P\000h\000a\000s\000e\0002\000S\000e\000g}{subsection.6.20.2}% 70
\BOOKMARK [3][-]{subsubsection.6.20.2.2}{\376\377\0006\000.\0002\0000\000.\0002\000.\0002\000\040\000u\000Q\000u\000a\000n\000t\000u\000m\000P\000r\000e\000s\000c\000a\000l\000e\000r}{subsection.6.20.2}% 71
\BOOKMARK [3][-]{subsubsection.6.20.2.3}{\376\377\0006\000.\0002\0000\000.\0002\000.\0003\000\040\000u\000S\000J\000W}{subsection.6.20.2}% 72
\BOOKMARK [3][-]{subsubsection.6.20.2.4}{\376\377\0006\000.\0002\0000\000.\0002\000.\0004\000\040\000u\000S\000y\000n\000c\000P\000r\000o\000p\000P\000h\000a\000s\000e\0001\000S\000e\000g}{subsection.6.20.2}% 73
\BOOKMARK [1][-]{section.6.21}{\376\377\0006\000.\0002\0001\000\040\000t\000C\000A\000N\000M\000s\000g\000O\000b\000j\000e\000c\000t\000\040\000S\000t\000r\000u\000c\000t\000\040\000R\000e\000f\000e\000r\000e\000n\000c\000e}{chapter.6}% 74
\BOOKMARK [2][-]{subsection.6.21.1}{\376\377\0006\000.\0002\0001\000.\0001\000\040\000D\000e\000t\000a\000i\000l\000e\000d\000\040\000D\000e\000s\000c\000r\000i\000p\000t\000i\000o\000n}{section.6.21}% 75
\BOOKMARK [2][-]{subsection.6.21.2}{\376\377\0006\000.\0002\0001\000.\0002\000\040\000F\000i\000e\000l\000d\000\040\000D\000o\000c\000u\000m\000e\000n\000t\000a\000t\000i\000o\000n}{section.6.21}% 76
\BOOKMARK [3][-]{subsubsection.6.21.2.1}{\376\377\0006\000.\0002\0001\000.\0002\000.\0001\000\040\000u\000l\000F\000l\000a\000g\000s}{subsection.6.21.2}% 77
\BOOKMARK [0][-]{chapter.7}{\376\377\0007\000\040\000F\000i\000l\000e\000\040\000D\000o\000c\000u\000m\000e\000n\000t\000a\000t\000i\000o\000n}{}% 78
\BOOKMARK [1][-]{section.7.1}{\376\377\0007\000.\0001\000\040\000i\000n\000c\000/\000A\000D\000C\000.\000h\000\040\000F\000i\000l\000e\000\040\000R\000e\000f\000e\000r\000e\000n\000c\000e}{chapter.7}% 79
\BOOKMARK [2][-]{subsection.7.1.1}{\376\377\0007\000.\0001\000.\0001\000\040\000D\000e\000t\000a\000i\000l\000e\000d\000\040\000D\000e\000s\000c\000r\000i\000p\000t\000i\000o\000n}{section.7.1}% 80
\BOOKMARK [2][-]{subsection.7.1.2}{\376\377\0007\000.\0001\000.\0002\000\040\000F\000u\000n\000c\000t\000i\000o\000n\000\040\000D\000o\000c\000u\000m\000e\000n\000t\000a\000t\000i\000o\000n}{section.7.1}% 81
\BOOKMARK [3][-]{subsubsection.7.1.2.1}{\376\377\0007\000.\0001\000.\0002\000.\0001\000\040\000A\000D\000C\000C\000o\000l\000l\000e\000c\000t\000\050\000u\000i\000n\000t\0003\0002\000t\000\040\000c\000h\000a\000n\000n\000e\000l\000N\000u\000m\000,\000\040\000u\000i\000n\000t\0003\0002\000t\000\040\000f\000s\000,\000\040\000v\000o\000i\000d\000\050\000*\000h\000a\000n\000d\000l\000e\000r\000\051\000\050\000u\000n\000s\000i\000g\000n\000e\000d\000\040\000l\000o\000n\000g\000\051\000\051}{subsection.7.1.2}% 82
\BOOKMARK [3][-]{subsubsection.7.1.2.2}{\376\377\0007\000.\0001\000.\0002\000.\0002\000\040\000A\000D\000C\000I\000n\000\050\000v\000o\000i\000d\000\051}{subsection.7.1.2}% 83
\BOOKMARK [3][-]{subsubsection.7.1.2.3}{\376\377\0007\000.\0001\000.\0002\000.\0003\000\040\000A\000D\000C\000I\000n\000i\000t\000\050\000u\000i\000n\000t\0003\0002\000t\000\040\000c\000h\000a\000n\000n\000e\000l\000N\000u\000m\000\051}{subsection.7.1.2}% 84
\BOOKMARK [1][-]{section.7.2}{\376\377\0007\000.\0002\000\040\000i\000n\000c\000/\000d\000i\000s\000k\000i\000o\000.\000h\000\040\000F\000i\000l\000e\000\040\000R\000e\000f\000e\000r\000e\000n\000c\000e}{chapter.7}% 85
\BOOKMARK [2][-]{subsection.7.2.1}{\376\377\0007\000.\0002\000.\0001\000\040\000D\000e\000t\000a\000i\000l\000e\000d\000\040\000D\000e\000s\000c\000r\000i\000p\000t\000i\000o\000n}{section.7.2}% 86
\BOOKMARK [2][-]{subsection.7.2.2}{\376\377\0007\000.\0002\000.\0002\000\040\000F\000u\000n\000c\000t\000i\000o\000n\000\040\000D\000o\000c\000u\000m\000e\000n\000t\000a\000t\000i\000o\000n}{section.7.2}% 87
\BOOKMARK [3][-]{subsubsection.7.2.2.1}{\376\377\0007\000.\0002\000.\0002\000.\0001\000\040\000d\000i\000s\000k\000i\000n\000i\000t\000i\000a\000l\000i\000z\000e\000\050\000B\000Y\000T\000E\000\040\000d\000r\000v\000\051}{subsection.7.2.2}% 88
\BOOKMARK [3][-]{subsubsection.7.2.2.2}{\376\377\0007\000.\0002\000.\0002\000.\0002\000\040\000d\000i\000s\000k\000i\000o\000c\000t\000l\000\050\000B\000Y\000T\000E\000\040\000d\000r\000v\000,\000\040\000B\000Y\000T\000E\000\040\000c\000m\000d\000,\000\040\000v\000o\000i\000d\000\040\000*\000b\000u\000f\000f\000\051}{subsection.7.2.2}% 89
\BOOKMARK [3][-]{subsubsection.7.2.2.3}{\376\377\0007\000.\0002\000.\0002\000.\0003\000\040\000d\000i\000s\000k\000r\000e\000a\000d\000\050\000B\000Y\000T\000E\000\040\000d\000r\000v\000,\000\040\000B\000Y\000T\000E\000\040\000*\000b\000u\000f\000f\000,\000\040\000D\000W\000O\000R\000D\000\040\000s\000e\000c\000t\000o\000r\000,\000\040\000U\000I\000N\000T\000\040\000c\000o\000u\000n\000t\000\051}{subsection.7.2.2}% 90
\BOOKMARK [3][-]{subsubsection.7.2.2.4}{\376\377\0007\000.\0002\000.\0002\000.\0004\000\040\000d\000i\000s\000k\000s\000t\000a\000t\000u\000s\000\050\000B\000Y\000T\000E\000\040\000d\000r\000v\000\051}{subsection.7.2.2}% 91
\BOOKMARK [3][-]{subsubsection.7.2.2.5}{\376\377\0007\000.\0002\000.\0002\000.\0005\000\040\000d\000i\000s\000k\000w\000r\000i\000t\000e\000\050\000B\000Y\000T\000E\000\040\000d\000r\000v\000,\000\040\000c\000o\000n\000s\000t\000\040\000B\000Y\000T\000E\000\040\000*\000b\000u\000f\000f\000,\000\040\000D\000W\000O\000R\000D\000\040\000s\000e\000c\000t\000o\000r\000,\000\040\000U\000I\000N\000T\000\040\000c\000o\000u\000n\000t\000\051}{subsection.7.2.2}% 92
\BOOKMARK [1][-]{section.7.3}{\376\377\0007\000.\0003\000\040\000i\000n\000c\000/\000f\000f\000.\000h\000\040\000F\000i\000l\000e\000\040\000R\000e\000f\000e\000r\000e\000n\000c\000e}{chapter.7}% 93
\BOOKMARK [2][-]{subsection.7.3.1}{\376\377\0007\000.\0003\000.\0001\000\040\000D\000e\000t\000a\000i\000l\000e\000d\000\040\000D\000e\000s\000c\000r\000i\000p\000t\000i\000o\000n}{section.7.3}% 94
\BOOKMARK [2][-]{subsection.7.3.2}{\376\377\0007\000.\0003\000.\0002\000\040\000F\000u\000n\000c\000t\000i\000o\000n\000\040\000D\000o\000c\000u\000m\000e\000n\000t\000a\000t\000i\000o\000n}{section.7.3}% 95
\BOOKMARK [3][-]{subsubsection.7.3.2.1}{\376\377\0007\000.\0003\000.\0002\000.\0001\000\040\000f\000c\000h\000d\000i\000r\000\050\000c\000o\000n\000s\000t\000\040\000T\000C\000H\000A\000R\000\040\000*\000p\000a\000t\000h\000\051}{subsection.7.3.2}% 96
\BOOKMARK [3][-]{subsubsection.7.3.2.2}{\376\377\0007\000.\0003\000.\0002\000.\0002\000\040\000f\000c\000h\000d\000r\000i\000v\000e\000\050\000c\000o\000n\000s\000t\000\040\000T\000C\000H\000A\000R\000\040\000*\000p\000a\000t\000h\000\051}{subsection.7.3.2}% 97
\BOOKMARK [3][-]{subsubsection.7.3.2.3}{\376\377\0007\000.\0003\000.\0002\000.\0003\000\040\000f\000c\000h\000m\000o\000d\000\050\000c\000o\000n\000s\000t\000\040\000T\000C\000H\000A\000R\000\040\000*\000p\000a\000t\000h\000,\000\040\000B\000Y\000T\000E\000\040\000v\000a\000l\000u\000e\000,\000\040\000B\000Y\000T\000E\000\040\000m\000a\000s\000k\000\051}{subsection.7.3.2}% 98
\BOOKMARK [3][-]{subsubsection.7.3.2.4}{\376\377\0007\000.\0003\000.\0002\000.\0004\000\040\000f\000c\000l\000o\000s\000e\000\050\000F\000I\000L\000\040\000*\000f\000p\000\051}{subsection.7.3.2}% 99
\BOOKMARK [3][-]{subsubsection.7.3.2.5}{\376\377\0007\000.\0003\000.\0002\000.\0005\000\040\000f\000c\000l\000o\000s\000e\000d\000i\000r\000\050\000D\000I\000R\000\040\000*\000d\000p\000\051}{subsection.7.3.2}% 100
\BOOKMARK [3][-]{subsubsection.7.3.2.6}{\376\377\0007\000.\0003\000.\0002\000.\0006\000\040\000f\000f\000d\000i\000s\000k\000\050\000B\000Y\000T\000E\000\040\000p\000d\000r\000v\000,\000\040\000c\000o\000n\000s\000t\000\040\000D\000W\000O\000R\000D\000\040\000s\000z\000t\000[\000]\000,\000\040\000v\000o\000i\000d\000\040\000*\000w\000o\000r\000k\000\051}{subsection.7.3.2}% 101
\BOOKMARK [3][-]{subsubsection.7.3.2.7}{\376\377\0007\000.\0003\000.\0002\000.\0007\000\040\000f\000f\000o\000r\000w\000a\000r\000d\000\050\000F\000I\000L\000\040\000*\000f\000p\000,\000\040\000U\000I\000N\000T\000\050\000*\000f\000u\000n\000c\000\051\000\050\000c\000o\000n\000s\000t\000\040\000B\000Y\000T\000E\000\040\000*\000,\000\040\000U\000I\000N\000T\000\051\000,\000\040\000U\000I\000N\000T\000\040\000b\000t\000f\000,\000\040\000U\000I\000N\000T\000\040\000*\000b\000f\000\051}{subsection.7.3.2}% 102
\BOOKMARK [3][-]{subsubsection.7.3.2.8}{\376\377\0007\000.\0003\000.\0002\000.\0008\000\040\000f\000g\000e\000t\000c\000w\000d\000\050\000T\000C\000H\000A\000R\000\040\000*\000b\000u\000f\000f\000,\000\040\000U\000I\000N\000T\000\040\000l\000e\000n\000\051}{subsection.7.3.2}% 103
\BOOKMARK [3][-]{subsubsection.7.3.2.9}{\376\377\0007\000.\0003\000.\0002\000.\0009\000\040\000f\000g\000e\000t\000f\000r\000e\000e\000\050\000c\000o\000n\000s\000t\000\040\000T\000C\000H\000A\000R\000\040\000*\000p\000a\000t\000h\000,\000\040\000D\000W\000O\000R\000D\000\040\000*\000n\000c\000l\000s\000t\000,\000\040\000F\000A\000T\000F\000S\000\040\000*\000*\000f\000a\000t\000f\000s\000\051}{subsection.7.3.2}% 104
\BOOKMARK [3][-]{subsubsection.7.3.2.10}{\376\377\0007\000.\0003\000.\0002\000.\0001\0000\000\040\000f\000g\000e\000t\000l\000a\000b\000e\000l\000\050\000c\000o\000n\000s\000t\000\040\000T\000C\000H\000A\000R\000\040\000*\000p\000a\000t\000h\000,\000\040\000T\000C\000H\000A\000R\000\040\000*\000l\000a\000b\000e\000l\000,\000\040\000D\000W\000O\000R\000D\000\040\000*\000v\000s\000n\000\051}{subsection.7.3.2}% 105
\BOOKMARK [3][-]{subsubsection.7.3.2.11}{\376\377\0007\000.\0003\000.\0002\000.\0001\0001\000\040\000f\000g\000e\000t\000s\000\050\000T\000C\000H\000A\000R\000\040\000*\000b\000u\000f\000f\000,\000\040\000i\000n\000t\000\040\000l\000e\000n\000,\000\040\000F\000I\000L\000\040\000*\000f\000p\000\051}{subsection.7.3.2}% 106
\BOOKMARK [3][-]{subsubsection.7.3.2.12}{\376\377\0007\000.\0003\000.\0002\000.\0001\0002\000\040\000f\000l\000s\000e\000e\000k\000\050\000F\000I\000L\000\040\000*\000f\000p\000,\000\040\000D\000W\000O\000R\000D\000\040\000o\000f\000s\000\051}{subsection.7.3.2}% 107
\BOOKMARK [3][-]{subsubsection.7.3.2.13}{\376\377\0007\000.\0003\000.\0002\000.\0001\0003\000\040\000f\000m\000k\000d\000i\000r\000\050\000c\000o\000n\000s\000t\000\040\000T\000C\000H\000A\000R\000\040\000*\000p\000a\000t\000h\000\051}{subsection.7.3.2}% 108
\BOOKMARK [3][-]{subsubsection.7.3.2.14}{\376\377\0007\000.\0003\000.\0002\000.\0001\0004\000\040\000f\000m\000k\000f\000s\000\050\000c\000o\000n\000s\000t\000\040\000T\000C\000H\000A\000R\000\040\000*\000p\000a\000t\000h\000,\000\040\000B\000Y\000T\000E\000\040\000s\000f\000d\000,\000\040\000U\000I\000N\000T\000\040\000a\000u\000\051}{subsection.7.3.2}% 109
\BOOKMARK [3][-]{subsubsection.7.3.2.15}{\376\377\0007\000.\0003\000.\0002\000.\0001\0005\000\040\000f\000m\000o\000u\000n\000t\000\050\000F\000A\000T\000F\000S\000\040\000*\000f\000s\000,\000\040\000c\000o\000n\000s\000t\000\040\000T\000C\000H\000A\000R\000\040\000*\000p\000a\000t\000h\000,\000\040\000B\000Y\000T\000E\000\040\000o\000p\000t\000\051}{subsection.7.3.2}% 110
\BOOKMARK [3][-]{subsubsection.7.3.2.16}{\376\377\0007\000.\0003\000.\0002\000.\0001\0006\000\040\000f\000o\000p\000e\000n\000\050\000F\000I\000L\000\040\000*\000f\000p\000,\000\040\000c\000o\000n\000s\000t\000\040\000T\000C\000H\000A\000R\000\040\000*\000p\000a\000t\000h\000,\000\040\000B\000Y\000T\000E\000\040\000m\000o\000d\000e\000\051}{subsection.7.3.2}% 111
\BOOKMARK [3][-]{subsubsection.7.3.2.17}{\376\377\0007\000.\0003\000.\0002\000.\0001\0007\000\040\000f\000o\000p\000e\000n\000d\000i\000r\000\050\000D\000I\000R\000\040\000*\000d\000p\000,\000\040\000c\000o\000n\000s\000t\000\040\000T\000C\000H\000A\000R\000\040\000*\000p\000a\000t\000h\000\051}{subsection.7.3.2}% 112
\BOOKMARK [3][-]{subsubsection.7.3.2.18}{\376\377\0007\000.\0003\000.\0002\000.\0001\0008\000\040\000f\000p\000r\000i\000n\000t\000f\000\050\000F\000I\000L\000\040\000*\000f\000p\000,\000\040\000c\000o\000n\000s\000t\000\040\000T\000C\000H\000A\000R\000\040\000*\000s\000t\000r\000,\000.\000.\000.\000\051}{subsection.7.3.2}% 113
\BOOKMARK [3][-]{subsubsection.7.3.2.19}{\376\377\0007\000.\0003\000.\0002\000.\0001\0009\000\040\000f\000p\000u\000t\000c\000\050\000T\000C\000H\000A\000R\000\040\000c\000,\000\040\000F\000I\000L\000\040\000*\000f\000p\000\051}{subsection.7.3.2}% 114
\BOOKMARK [3][-]{subsubsection.7.3.2.20}{\376\377\0007\000.\0003\000.\0002\000.\0002\0000\000\040\000f\000p\000u\000t\000s\000\050\000c\000o\000n\000s\000t\000\040\000T\000C\000H\000A\000R\000\040\000*\000s\000t\000r\000,\000\040\000F\000I\000L\000\040\000*\000c\000p\000\051}{subsection.7.3.2}% 115
\BOOKMARK [3][-]{subsubsection.7.3.2.21}{\376\377\0007\000.\0003\000.\0002\000.\0002\0001\000\040\000f\000r\000e\000a\000d\000\050\000F\000I\000L\000\040\000*\000f\000p\000,\000\040\000v\000o\000i\000d\000\040\000*\000b\000u\000f\000f\000,\000\040\000U\000I\000N\000T\000\040\000b\000t\000r\000,\000\040\000U\000I\000N\000T\000\040\000*\000b\000r\000\051}{subsection.7.3.2}% 116
\BOOKMARK [3][-]{subsubsection.7.3.2.22}{\376\377\0007\000.\0003\000.\0002\000.\0002\0002\000\040\000f\000r\000e\000a\000d\000d\000i\000r\000\050\000D\000I\000R\000\040\000*\000d\000p\000,\000\040\000F\000I\000L\000I\000N\000F\000O\000\040\000*\000f\000n\000o\000\051}{subsection.7.3.2}% 117
\BOOKMARK [3][-]{subsubsection.7.3.2.23}{\376\377\0007\000.\0003\000.\0002\000.\0002\0003\000\040\000f\000r\000e\000n\000a\000m\000e\000\050\000c\000o\000n\000s\000t\000\040\000T\000C\000H\000A\000R\000\040\000*\000p\000a\000t\000h\000o\000l\000d\000,\000\040\000c\000o\000n\000s\000t\000\040\000T\000C\000H\000A\000R\000\040\000*\000p\000a\000t\000h\000n\000e\000w\000\051}{subsection.7.3.2}% 118
\BOOKMARK [3][-]{subsubsection.7.3.2.24}{\376\377\0007\000.\0003\000.\0002\000.\0002\0004\000\040\000f\000s\000e\000t\000l\000a\000b\000e\000l\000\050\000c\000o\000n\000s\000t\000\040\000T\000C\000H\000A\000R\000\040\000*\000l\000a\000b\000e\000l\000\051}{subsection.7.3.2}% 119
\BOOKMARK [3][-]{subsubsection.7.3.2.25}{\376\377\0007\000.\0003\000.\0002\000.\0002\0005\000\040\000f\000s\000t\000a\000t\000\050\000c\000o\000n\000s\000t\000\040\000T\000C\000H\000A\000R\000\040\000*\000p\000a\000t\000h\000,\000\040\000F\000I\000L\000I\000N\000F\000O\000\040\000*\000f\000n\000o\000\051}{subsection.7.3.2}% 120
\BOOKMARK [3][-]{subsubsection.7.3.2.26}{\376\377\0007\000.\0003\000.\0002\000.\0002\0006\000\040\000f\000s\000y\000n\000c\000\050\000F\000I\000L\000\040\000*\000f\000p\000\051}{subsection.7.3.2}% 121
\BOOKMARK [3][-]{subsubsection.7.3.2.27}{\376\377\0007\000.\0003\000.\0002\000.\0002\0007\000\040\000f\000t\000r\000u\000n\000c\000a\000t\000e\000\050\000F\000I\000L\000\040\000*\000f\000p\000\051}{subsection.7.3.2}% 122
\BOOKMARK [3][-]{subsubsection.7.3.2.28}{\376\377\0007\000.\0003\000.\0002\000.\0002\0008\000\040\000f\000u\000n\000l\000i\000n\000k\000\050\000c\000o\000n\000s\000t\000\040\000T\000C\000H\000A\000R\000\040\000*\000p\000a\000t\000h\000\051}{subsection.7.3.2}% 123
\BOOKMARK [3][-]{subsubsection.7.3.2.29}{\376\377\0007\000.\0003\000.\0002\000.\0002\0009\000\040\000f\000u\000t\000i\000m\000e\000\050\000c\000o\000n\000s\000t\000\040\000T\000C\000H\000A\000R\000\040\000*\000p\000a\000t\000h\000,\000\040\000c\000o\000n\000s\000t\000\040\000F\000I\000L\000I\000N\000F\000O\000\040\000*\000f\000n\000o\000\051}{subsection.7.3.2}% 124
\BOOKMARK [3][-]{subsubsection.7.3.2.30}{\376\377\0007\000.\0003\000.\0002\000.\0003\0000\000\040\000f\000w\000r\000i\000t\000e\000\050\000F\000I\000L\000\040\000*\000f\000p\000,\000\040\000c\000o\000n\000s\000t\000\040\000v\000o\000i\000d\000\040\000*\000b\000u\000f\000f\000,\000\040\000U\000I\000N\000T\000\040\000b\000t\000w\000,\000\040\000U\000I\000N\000T\000\040\000*\000b\000w\000\051}{subsection.7.3.2}% 125
\BOOKMARK [1][-]{section.7.4}{\376\377\0007\000.\0004\000\040\000i\000n\000c\000/\000h\000e\000a\000p\000.\000h\000\040\000F\000i\000l\000e\000\040\000R\000e\000f\000e\000r\000e\000n\000c\000e}{chapter.7}% 126
\BOOKMARK [2][-]{subsection.7.4.1}{\376\377\0007\000.\0004\000.\0001\000\040\000D\000e\000t\000a\000i\000l\000e\000d\000\040\000D\000e\000s\000c\000r\000i\000p\000t\000i\000o\000n}{section.7.4}% 127
\BOOKMARK [2][-]{subsection.7.4.2}{\376\377\0007\000.\0004\000.\0002\000\040\000M\000a\000c\000r\000o\000\040\000D\000e\000f\000i\000n\000i\000t\000i\000o\000n\000\040\000D\000o\000c\000u\000m\000e\000n\000t\000a\000t\000i\000o\000n}{section.7.4}% 128
\BOOKMARK [3][-]{subsubsection.7.4.2.1}{\376\377\0007\000.\0004\000.\0002\000.\0001\000\040\000H\000e\000a\000p\000M\000a\000l\000l\000o\000c}{subsection.7.4.2}% 129
\BOOKMARK [2][-]{subsection.7.4.3}{\376\377\0007\000.\0004\000.\0003\000\040\000F\000u\000n\000c\000t\000i\000o\000n\000\040\000D\000o\000c\000u\000m\000e\000n\000t\000a\000t\000i\000o\000n}{section.7.4}% 130
\BOOKMARK [3][-]{subsubsection.7.4.3.1}{\376\377\0007\000.\0004\000.\0003\000.\0001\000\040\000H\000e\000a\000p\000C\000h\000a\000n\000g\000e\000O\000w\000n\000e\000r\000\050\000v\000o\000i\000d\000\040\000*\000p\000o\000i\000n\000t\000e\000r\000,\000\040\000h\000e\000a\000p\000o\000w\000n\000e\000r\000t\000\040\000*\000n\000e\000w\000o\000w\000n\000e\000r\000\051}{subsection.7.4.3}% 131
\BOOKMARK [3][-]{subsubsection.7.4.3.2}{\376\377\0007\000.\0004\000.\0003\000.\0002\000\040\000H\000e\000a\000p\000C\000a\000l\000l\000o\000c\000\050\000i\000n\000t\0003\0002\000t\000\040\000d\000e\000s\000i\000r\000e\000d\000B\000y\000t\000e\000s\000\051}{subsection.7.4.3}% 132
\BOOKMARK [3][-]{subsubsection.7.4.3.3}{\376\377\0007\000.\0004\000.\0003\000.\0003\000\040\000H\000e\000a\000p\000F\000r\000e\000e\000\050\000v\000o\000i\000d\000\040\000*\000p\000o\000i\000n\000t\000e\000r\000\051}{subsection.7.4.3}% 133
\BOOKMARK [3][-]{subsubsection.7.4.3.4}{\376\377\0007\000.\0004\000.\0003\000.\0004\000\040\000H\000e\000a\000p\000I\000n\000i\000t\000\050\000v\000o\000i\000d\000\051}{subsection.7.4.3}% 134
\BOOKMARK [3][-]{subsubsection.7.4.3.5}{\376\377\0007\000.\0004\000.\0003\000.\0005\000\040\000H\000e\000a\000p\000R\000e\000a\000l\000l\000o\000c\000\050\000v\000o\000i\000d\000\040\000*\000o\000l\000d\000B\000l\000o\000c\000k\000,\000\040\000i\000n\000t\0003\0002\000t\000\040\000d\000e\000s\000i\000r\000e\000d\000B\000y\000t\000e\000s\000\051}{subsection.7.4.3}% 135
\BOOKMARK [3][-]{subsubsection.7.4.3.6}{\376\377\0007\000.\0004\000.\0003\000.\0006\000\040\000H\000e\000a\000p\000S\000t\000a\000t\000s\000\050\000v\000o\000i\000d\000\051}{subsection.7.4.3}% 136
\BOOKMARK [3][-]{subsubsection.7.4.3.7}{\376\377\0007\000.\0004\000.\0003\000.\0007\000\040\000H\000e\000a\000p\000T\000e\000s\000t\000\050\000v\000o\000i\000d\000\051}{subsection.7.4.3}% 137
\BOOKMARK [1][-]{section.7.5}{\376\377\0007\000.\0005\000\040\000i\000n\000c\000/\000I\0002\000C\000.\000h\000\040\000F\000i\000l\000e\000\040\000R\000e\000f\000e\000r\000e\000n\000c\000e}{chapter.7}% 138
\BOOKMARK [2][-]{subsection.7.5.1}{\376\377\0007\000.\0005\000.\0001\000\040\000D\000e\000t\000a\000i\000l\000e\000d\000\040\000D\000e\000s\000c\000r\000i\000p\000t\000i\000o\000n}{section.7.5}% 139
\BOOKMARK [2][-]{subsection.7.5.2}{\376\377\0007\000.\0005\000.\0002\000\040\000F\000u\000n\000c\000t\000i\000o\000n\000\040\000D\000o\000c\000u\000m\000e\000n\000t\000a\000t\000i\000o\000n}{section.7.5}% 140
\BOOKMARK [3][-]{subsubsection.7.5.2.1}{\376\377\0007\000.\0005\000.\0002\000.\0001\000\040\000I\0002\000C\000I\000n\000i\000t\000\050\000v\000o\000i\000d\000\051}{subsection.7.5.2}% 141
\BOOKMARK [3][-]{subsubsection.7.5.2.2}{\376\377\0007\000.\0005\000.\0002\000.\0002\000\040\000I\0002\000C\000r\000e\000a\000d\000\050\000u\000i\000n\000t\0008\000t\000\040\000d\000e\000v\000i\000c\000e\000A\000d\000d\000r\000e\000s\000s\000,\000\040\000u\000i\000n\000t\0008\000t\000\040\000t\000a\000r\000g\000e\000t\000R\000e\000g\000i\000s\000t\000e\000r\000,\000\040\000u\000i\000n\000t\0008\000t\000\040\000*\000d\000a\000t\000a\000,\000\040\000u\000i\000n\000t\0003\0002\000t\000\040\000c\000o\000u\000n\000t\000\051}{subsection.7.5.2}% 142
\BOOKMARK [3][-]{subsubsection.7.5.2.3}{\376\377\0007\000.\0005\000.\0002\000.\0003\000\040\000I\0002\000C\000r\000e\000a\000d\0002\000b\000y\000t\000e\000s\000\050\000u\000i\000n\000t\0008\000t\000\040\000d\000e\000v\000i\000c\000e\000A\000d\000d\000r\000e\000s\000s\000,\000\040\000u\000i\000n\000t\0008\000t\000\040\000t\000a\000r\000g\000e\000t\000R\000e\000g\000i\000s\000t\000e\000r\000,\000\040\000u\000i\000n\000t\0008\000t\000\040\000*\000d\000a\000t\000a\000\051}{subsection.7.5.2}% 143
\BOOKMARK [3][-]{subsubsection.7.5.2.4}{\376\377\0007\000.\0005\000.\0002\000.\0004\000\040\000I\0002\000C\000r\000e\000a\000d\0004\000b\000y\000t\000e\000s\000\050\000u\000i\000n\000t\0008\000t\000\040\000d\000e\000v\000i\000c\000e\000A\000d\000d\000r\000e\000s\000s\000,\000\040\000u\000i\000n\000t\0008\000t\000\040\000t\000a\000r\000g\000e\000t\000R\000e\000g\000i\000s\000t\000e\000r\000,\000\040\000u\000i\000n\000t\0008\000t\000\040\000*\000d\000a\000t\000a\000\051}{subsection.7.5.2}% 144
\BOOKMARK [3][-]{subsubsection.7.5.2.5}{\376\377\0007\000.\0005\000.\0002\000.\0005\000\040\000I\0002\000C\000r\000e\000a\000d\000b\000y\000t\000e\000\050\000u\000i\000n\000t\0008\000t\000\040\000d\000e\000v\000i\000c\000e\000A\000d\000d\000r\000e\000s\000s\000,\000\040\000u\000i\000n\000t\0008\000t\000\040\000t\000a\000r\000g\000e\000t\000R\000e\000g\000i\000s\000t\000e\000r\000,\000\040\000u\000i\000n\000t\0008\000t\000\040\000*\000d\000a\000t\000a\000\051}{subsection.7.5.2}% 145
\BOOKMARK [3][-]{subsubsection.7.5.2.6}{\376\377\0007\000.\0005\000.\0002\000.\0006\000\040\000I\0002\000C\000w\000r\000i\000t\000e\000\050\000u\000i\000n\000t\0008\000t\000\040\000d\000e\000v\000i\000c\000e\000A\000d\000d\000r\000e\000s\000s\000,\000\040\000u\000i\000n\000t\0008\000t\000\040\000t\000a\000r\000g\000e\000t\000R\000e\000g\000i\000s\000t\000e\000r\000,\000\040\000u\000i\000n\000t\0008\000t\000\040\000*\000d\000a\000t\000a\000,\000\040\000u\000i\000n\000t\0003\0002\000t\000\040\000c\000o\000u\000n\000t\000\051}{subsection.7.5.2}% 146
\BOOKMARK [3][-]{subsubsection.7.5.2.7}{\376\377\0007\000.\0005\000.\0002\000.\0007\000\040\000I\0002\000C\000w\000r\000i\000t\000e\0002\000b\000y\000t\000e\000s\000\050\000u\000i\000n\000t\0008\000t\000\040\000d\000e\000v\000i\000c\000e\000A\000d\000d\000r\000e\000s\000s\000,\000\040\000u\000i\000n\000t\0008\000t\000\040\000t\000a\000r\000g\000e\000t\000R\000e\000g\000i\000s\000t\000e\000r\000,\000\040\000u\000i\000n\000t\0008\000t\000\040\000*\000d\000a\000t\000a\000\051}{subsection.7.5.2}% 147
\BOOKMARK [3][-]{subsubsection.7.5.2.8}{\376\377\0007\000.\0005\000.\0002\000.\0008\000\040\000I\0002\000C\000w\000r\000i\000t\000e\0004\000b\000y\000t\000e\000s\000\050\000u\000i\000n\000t\0008\000t\000\040\000d\000e\000v\000i\000c\000e\000A\000d\000d\000r\000e\000s\000s\000,\000\040\000u\000i\000n\000t\0008\000t\000\040\000t\000a\000r\000g\000e\000t\000R\000e\000g\000i\000s\000t\000e\000r\000,\000\040\000u\000i\000n\000t\0008\000t\000\040\000*\000d\000a\000t\000a\000\051}{subsection.7.5.2}% 148
\BOOKMARK [3][-]{subsubsection.7.5.2.9}{\376\377\0007\000.\0005\000.\0002\000.\0009\000\040\000I\0002\000C\000w\000r\000i\000t\000e\000b\000y\000t\000e\000\050\000u\000i\000n\000t\0008\000t\000\040\000d\000e\000v\000i\000c\000e\000A\000d\000d\000r\000e\000s\000s\000,\000\040\000u\000i\000n\000t\0008\000t\000\040\000t\000a\000r\000g\000e\000t\000R\000e\000g\000i\000s\000t\000e\000r\000,\000\040\000u\000i\000n\000t\0008\000t\000\040\000d\000a\000t\000a\000\051}{subsection.7.5.2}% 149
\BOOKMARK [1][-]{section.7.6}{\376\377\0007\000.\0006\000\040\000i\000n\000c\000/\000i\000n\000t\000e\000r\000p\000r\000e\000t\000e\000r\000.\000h\000\040\000F\000i\000l\000e\000\040\000R\000e\000f\000e\000r\000e\000n\000c\000e}{chapter.7}% 150
\BOOKMARK [2][-]{subsection.7.6.1}{\376\377\0007\000.\0006\000.\0001\000\040\000D\000e\000t\000a\000i\000l\000e\000d\000\040\000D\000e\000s\000c\000r\000i\000p\000t\000i\000o\000n}{section.7.6}% 151
\BOOKMARK [2][-]{subsection.7.6.2}{\376\377\0007\000.\0006\000.\0002\000\040\000F\000u\000n\000c\000t\000i\000o\000n\000\040\000D\000o\000c\000u\000m\000e\000n\000t\000a\000t\000i\000o\000n}{section.7.6}% 152
\BOOKMARK [3][-]{subsubsection.7.6.2.1}{\376\377\0007\000.\0006\000.\0002\000.\0001\000\040\000i\000n\000t\000e\000r\000p\000r\000e\000t\000e\000r\000c\000m\000d\000\050\000c\000h\000a\000r\000\040\000*\000c\000m\000d\000s\000t\000r\000\051}{subsection.7.6.2}% 153
\BOOKMARK [1][-]{section.7.7}{\376\377\0007\000.\0007\000\040\000i\000n\000c\000/\000m\000e\000m\000p\000r\000o\000t\000e\000c\000t\000.\000h\000\040\000F\000i\000l\000e\000\040\000R\000e\000f\000e\000r\000e\000n\000c\000e}{chapter.7}% 154
\BOOKMARK [2][-]{subsection.7.7.1}{\376\377\0007\000.\0007\000.\0001\000\040\000D\000e\000t\000a\000i\000l\000e\000d\000\040\000D\000e\000s\000c\000r\000i\000p\000t\000i\000o\000n}{section.7.7}% 155
\BOOKMARK [1][-]{section.7.8}{\376\377\0007\000.\0008\000\040\000i\000n\000c\000/\000m\000i\000s\000c\000\137\000m\000a\000c\000r\000o\000s\000.\000h\000\040\000F\000i\000l\000e\000\040\000R\000e\000f\000e\000r\000e\000n\000c\000e}{chapter.7}% 156
\BOOKMARK [2][-]{subsection.7.8.1}{\376\377\0007\000.\0008\000.\0001\000\040\000D\000e\000t\000a\000i\000l\000e\000d\000\040\000D\000e\000s\000c\000r\000i\000p\000t\000i\000o\000n}{section.7.8}% 157
\BOOKMARK [1][-]{section.7.9}{\376\377\0007\000.\0009\000\040\000i\000n\000c\000/\000m\000o\000t\000o\000r\000s\000.\000h\000\040\000F\000i\000l\000e\000\040\000R\000e\000f\000e\000r\000e\000n\000c\000e}{chapter.7}% 158
\BOOKMARK [2][-]{subsection.7.9.1}{\376\377\0007\000.\0009\000.\0001\000\040\000D\000e\000t\000a\000i\000l\000e\000d\000\040\000D\000e\000s\000c\000r\000i\000p\000t\000i\000o\000n}{section.7.9}% 159
\BOOKMARK [2][-]{subsection.7.9.2}{\376\377\0007\000.\0009\000.\0002\000\040\000F\000u\000n\000c\000t\000i\000o\000n\000\040\000D\000o\000c\000u\000m\000e\000n\000t\000a\000t\000i\000o\000n}{section.7.9}% 160
\BOOKMARK [3][-]{subsubsection.7.9.2.1}{\376\377\0007\000.\0009\000.\0002\000.\0001\000\040\000M\000o\000t\000o\000r\000s\000S\000e\000t\000T\000o\000r\000q\000u\000e\000\050\000i\000n\000t\0001\0006\000t\000\040\000l\000e\000f\000t\000t\000r\000q\000,\000\040\000i\000n\000t\0001\0006\000t\000\040\000r\000i\000g\000h\000t\000t\000r\000q\000\051}{subsection.7.9.2}% 161
\BOOKMARK [3][-]{subsubsection.7.9.2.2}{\376\377\0007\000.\0009\000.\0002\000.\0002\000\040\000M\000o\000t\000o\000r\000s\000S\000e\000t\000T\000o\000r\000q\000u\000e\000L\000e\000f\000t\000\050\000i\000n\000t\0001\0006\000t\000\040\000l\000e\000f\000t\000t\000r\000q\000\051}{subsection.7.9.2}% 162
\BOOKMARK [3][-]{subsubsection.7.9.2.3}{\376\377\0007\000.\0009\000.\0002\000.\0003\000\040\000M\000o\000t\000o\000r\000s\000S\000e\000t\000T\000o\000r\000q\000u\000e\000R\000i\000g\000h\000t\000\050\000i\000n\000t\0001\0006\000t\000\040\000r\000i\000g\000h\000t\000t\000r\000q\000\051}{subsection.7.9.2}% 163
\BOOKMARK [1][-]{section.7.10}{\376\377\0007\000.\0001\0000\000\040\000i\000n\000c\000/\000O\000S\000.\000h\000\040\000F\000i\000l\000e\000\040\000R\000e\000f\000e\000r\000e\000n\000c\000e}{chapter.7}% 164
\BOOKMARK [2][-]{subsection.7.10.1}{\376\377\0007\000.\0001\0000\000.\0001\000\040\000D\000e\000t\000a\000i\000l\000e\000d\000\040\000D\000e\000s\000c\000r\000i\000p\000t\000i\000o\000n}{section.7.10}% 165
\BOOKMARK [2][-]{subsection.7.10.2}{\376\377\0007\000.\0001\0000\000.\0002\000\040\000M\000a\000c\000r\000o\000\040\000D\000e\000f\000i\000n\000i\000t\000i\000o\000n\000\040\000D\000o\000c\000u\000m\000e\000n\000t\000a\000t\000i\000o\000n}{section.7.10}% 166
\BOOKMARK [3][-]{subsubsection.7.10.2.1}{\376\377\0007\000.\0001\0000\000.\0002\000.\0001\000\040\000O\000S\000A\000d\000d\000P\000e\000r\000i\000o\000d\000i\000c\000T\000h\000r\000e\000a\000d}{subsection.7.10.2}% 167
\BOOKMARK [3][-]{subsubsection.7.10.2.2}{\376\377\0007\000.\0001\0000\000.\0002\000.\0002\000\040\000O\000S\000A\000d\000d\000T\000h\000r\000e\000a\000d}{subsection.7.10.2}% 168
\BOOKMARK [2][-]{subsection.7.10.3}{\376\377\0007\000.\0001\0000\000.\0003\000\040\000F\000u\000n\000c\000t\000i\000o\000n\000\040\000D\000o\000c\000u\000m\000e\000n\000t\000a\000t\000i\000o\000n}{section.7.10}% 169
\BOOKMARK [3][-]{subsubsection.7.10.3.1}{\376\377\0007\000.\0001\0000\000.\0003\000.\0001\000\040\000O\000S\000A\000d\000d\000P\000r\000o\000c\000e\000s\000s\000\050\000v\000o\000i\000d\000\050\000*\000e\000n\000t\000r\000y\000\051\000\050\000v\000o\000i\000d\000\051\000,\000\040\000v\000o\000i\000d\000\040\000*\000t\000e\000x\000t\000,\000\040\000v\000o\000i\000d\000\040\000*\000d\000a\000t\000a\000,\000\040\000u\000n\000s\000i\000g\000n\000e\000d\000\040\000l\000o\000n\000g\000\040\000s\000t\000a\000c\000k\000S\000i\000z\000e\000,\000\040\000u\000n\000s\000i\000g\000n\000e\000d\000\040\000l\000o\000n\000g\000\040\000p\000r\000i\000o\000r\000i\000t\000y\000\051}{subsection.7.10.3}% 170
\BOOKMARK [3][-]{subsubsection.7.10.3.2}{\376\377\0007\000.\0001\0000\000.\0003\000.\0002\000\040\000O\000S\000A\000d\000d\000S\000W\0001\000T\000a\000s\000k\000\050\000v\000o\000i\000d\000\050\000*\000t\000a\000s\000k\000\051\000\050\000v\000o\000i\000d\000\051\000,\000\040\000u\000n\000s\000i\000g\000n\000e\000d\000\040\000l\000o\000n\000g\000\040\000p\000r\000i\000o\000r\000i\000t\000y\000\051}{subsection.7.10.3}% 171
\BOOKMARK [3][-]{subsubsection.7.10.3.3}{\376\377\0007\000.\0001\0000\000.\0003\000.\0003\000\040\000O\000S\000A\000d\000d\000S\000W\0002\000T\000a\000s\000k\000\050\000v\000o\000i\000d\000\050\000*\000t\000a\000s\000k\000\051\000\050\000v\000o\000i\000d\000\051\000,\000\040\000u\000n\000s\000i\000g\000n\000e\000d\000\040\000l\000o\000n\000g\000\040\000p\000r\000i\000o\000r\000i\000t\000y\000\051}{subsection.7.10.3}% 172
\BOOKMARK [3][-]{subsubsection.7.10.3.4}{\376\377\0007\000.\0001\0000\000.\0003\000.\0004\000\040\000O\000S\000b\000S\000i\000g\000n\000a\000l\000\050\000S\000e\000m\000a\0004\000T\000y\000p\000e\000\040\000*\000s\000e\000m\000a\000P\000t\000\051}{subsection.7.10.3}% 173
\BOOKMARK [3][-]{subsubsection.7.10.3.5}{\376\377\0007\000.\0001\0000\000.\0003\000.\0005\000\040\000O\000S\000b\000W\000a\000i\000t\000\050\000S\000e\000m\000a\0004\000T\000y\000p\000e\000\040\000*\000s\000e\000m\000a\000P\000t\000\051}{subsection.7.10.3}% 174
\BOOKMARK [3][-]{subsubsection.7.10.3.6}{\376\377\0007\000.\0001\0000\000.\0003\000.\0006\000\040\000O\000S\000C\000l\000e\000a\000r\000M\000s\000T\000i\000m\000e\000\050\000v\000o\000i\000d\000\051}{subsection.7.10.3}% 175
\BOOKMARK [3][-]{subsubsection.7.10.3.7}{\376\377\0007\000.\0001\0000\000.\0003\000.\0007\000\040\000O\000S\000F\000i\000f\000o\000G\000e\000t\000\050\000v\000o\000i\000d\000\051}{subsection.7.10.3}% 176
\BOOKMARK [3][-]{subsubsection.7.10.3.8}{\376\377\0007\000.\0001\0000\000.\0003\000.\0008\000\040\000O\000S\000F\000i\000f\000o\000I\000n\000i\000t\000\050\000u\000n\000s\000i\000g\000n\000e\000d\000\040\000l\000o\000n\000g\000\040\000s\000i\000z\000e\000\051}{subsection.7.10.3}% 177
\BOOKMARK [3][-]{subsubsection.7.10.3.9}{\376\377\0007\000.\0001\0000\000.\0003\000.\0009\000\040\000O\000S\000F\000i\000f\000o\000P\000u\000t\000\050\000u\000n\000s\000i\000g\000n\000e\000d\000\040\000l\000o\000n\000g\000\040\000d\000a\000t\000a\000\051}{subsection.7.10.3}% 178
\BOOKMARK [3][-]{subsubsection.7.10.3.10}{\376\377\0007\000.\0001\0000\000.\0003\000.\0001\0000\000\040\000O\000S\000F\000i\000f\000o\000S\000i\000z\000e\000\050\000v\000o\000i\000d\000\051}{subsection.7.10.3}% 179
\BOOKMARK [3][-]{subsubsection.7.10.3.11}{\376\377\0007\000.\0001\0000\000.\0003\000.\0001\0001\000\040\000O\000S\000I\000d\000\050\000v\000o\000i\000d\000\051}{subsection.7.10.3}% 180
\BOOKMARK [3][-]{subsubsection.7.10.3.12}{\376\377\0007\000.\0001\0000\000.\0003\000.\0001\0002\000\040\000O\000S\000I\000n\000i\000t\000\050\000v\000o\000i\000d\000\051}{subsection.7.10.3}% 181
\BOOKMARK [3][-]{subsubsection.7.10.3.13}{\376\377\0007\000.\0001\0000\000.\0003\000.\0001\0003\000\040\000O\000S\000I\000n\000i\000t\000S\000e\000m\000a\000p\000h\000o\000r\000e\000\050\000S\000e\000m\000a\0004\000T\000y\000p\000e\000\040\000*\000s\000e\000m\000a\000P\000t\000,\000\040\000l\000o\000n\000g\000\040\000v\000a\000l\000u\000e\000\051}{subsection.7.10.3}% 182
\BOOKMARK [3][-]{subsubsection.7.10.3.14}{\376\377\0007\000.\0001\0000\000.\0003\000.\0001\0004\000\040\000O\000S\000K\000i\000l\000l\000\050\000v\000o\000i\000d\000\051}{subsection.7.10.3}% 183
\BOOKMARK [3][-]{subsubsection.7.10.3.15}{\376\377\0007\000.\0001\0000\000.\0003\000.\0001\0005\000\040\000O\000S\000L\000a\000u\000n\000c\000h\000\050\000u\000n\000s\000i\000g\000n\000e\000d\000\040\000l\000o\000n\000g\000\040\000t\000h\000e\000T\000i\000m\000e\000S\000l\000i\000c\000e\000\051}{subsection.7.10.3}% 184
\BOOKMARK [3][-]{subsubsection.7.10.3.16}{\376\377\0007\000.\0001\0000\000.\0003\000.\0001\0006\000\040\000O\000S\000M\000a\000i\000l\000B\000o\000x\000I\000n\000i\000t\000\050\000v\000o\000i\000d\000\051}{subsection.7.10.3}% 185
\BOOKMARK [3][-]{subsubsection.7.10.3.17}{\376\377\0007\000.\0001\0000\000.\0003\000.\0001\0007\000\040\000O\000S\000M\000a\000i\000l\000B\000o\000x\000R\000e\000c\000v\000\050\000v\000o\000i\000d\000\051}{subsection.7.10.3}% 186
\BOOKMARK [3][-]{subsubsection.7.10.3.18}{\376\377\0007\000.\0001\0000\000.\0003\000.\0001\0008\000\040\000O\000S\000M\000a\000i\000l\000B\000o\000x\000S\000e\000n\000d\000\050\000u\000n\000s\000i\000g\000n\000e\000d\000\040\000l\000o\000n\000g\000\040\000d\000a\000t\000a\000\051}{subsection.7.10.3}% 187
\BOOKMARK [3][-]{subsubsection.7.10.3.19}{\376\377\0007\000.\0001\0000\000.\0003\000.\0001\0009\000\040\000O\000S\000M\000s\000T\000i\000m\000e\000\050\000v\000o\000i\000d\000\051}{subsection.7.10.3}% 188
\BOOKMARK [3][-]{subsubsection.7.10.3.20}{\376\377\0007\000.\0001\0000\000.\0003\000.\0002\0000\000\040\000O\000S\000S\000i\000g\000n\000a\000l\000\050\000S\000e\000m\000a\0004\000T\000y\000p\000e\000\040\000*\000s\000e\000m\000a\000P\000t\000\051}{subsection.7.10.3}% 189
\BOOKMARK [3][-]{subsubsection.7.10.3.21}{\376\377\0007\000.\0001\0000\000.\0003\000.\0002\0001\000\040\000O\000S\000S\000l\000e\000e\000p\000\050\000u\000n\000s\000i\000g\000n\000e\000d\000\040\000l\000o\000n\000g\000\040\000s\000l\000e\000e\000p\000T\000i\000m\000e\000\051}{subsection.7.10.3}% 190
\BOOKMARK [3][-]{subsubsection.7.10.3.22}{\376\377\0007\000.\0001\0000\000.\0003\000.\0002\0002\000\040\000O\000S\000S\000u\000s\000p\000e\000n\000d\000\050\000v\000o\000i\000d\000\051}{subsection.7.10.3}% 191
\BOOKMARK [3][-]{subsubsection.7.10.3.23}{\376\377\0007\000.\0001\0000\000.\0003\000.\0002\0003\000\040\000O\000S\000T\000i\000m\000e\000\050\000v\000o\000i\000d\000\051}{subsection.7.10.3}% 192
\BOOKMARK [3][-]{subsubsection.7.10.3.24}{\376\377\0007\000.\0001\0000\000.\0003\000.\0002\0004\000\040\000O\000S\000T\000i\000m\000e\000D\000i\000f\000f\000e\000r\000e\000n\000c\000e\000\050\000u\000n\000s\000i\000g\000n\000e\000d\000\040\000l\000o\000n\000g\000\040\000l\000o\000n\000g\000\040\000s\000t\000a\000r\000t\000,\000\040\000u\000n\000s\000i\000g\000n\000e\000d\000\040\000l\000o\000n\000g\000\040\000l\000o\000n\000g\000\040\000s\000t\000o\000p\000\051}{subsection.7.10.3}% 193
\BOOKMARK [3][-]{subsubsection.7.10.3.25}{\376\377\0007\000.\0001\0000\000.\0003\000.\0002\0005\000\040\000O\000S\000W\000a\000i\000t\000\050\000S\000e\000m\000a\0004\000T\000y\000p\000e\000\040\000*\000s\000e\000m\000a\000P\000t\000\051}{subsection.7.10.3}% 194
\BOOKMARK [1][-]{section.7.11}{\376\377\0007\000.\0001\0001\000\040\000i\000n\000c\000/\000P\000L\000L\000.\000h\000\040\000F\000i\000l\000e\000\040\000R\000e\000f\000e\000r\000e\000n\000c\000e}{chapter.7}% 195
\BOOKMARK [2][-]{subsection.7.11.1}{\376\377\0007\000.\0001\0001\000.\0001\000\040\000D\000e\000t\000a\000i\000l\000e\000d\000\040\000D\000e\000s\000c\000r\000i\000p\000t\000i\000o\000n}{section.7.11}% 196
\BOOKMARK [2][-]{subsection.7.11.2}{\376\377\0007\000.\0001\0001\000.\0002\000\040\000F\000u\000n\000c\000t\000i\000o\000n\000\040\000D\000o\000c\000u\000m\000e\000n\000t\000a\000t\000i\000o\000n}{section.7.11}% 197
\BOOKMARK [3][-]{subsubsection.7.11.2.1}{\376\377\0007\000.\0001\0001\000.\0002\000.\0001\000\040\000P\000L\000L\000I\000n\000i\000t\000\050\000u\000i\000n\000t\0003\0002\000t\000\040\000f\000r\000e\000q\000\051}{subsection.7.11.2}% 198
\BOOKMARK [1][-]{section.7.12}{\376\377\0007\000.\0001\0002\000\040\000i\000n\000c\000/\000p\000r\000o\000f\000i\000l\000e\000r\000.\000h\000\040\000F\000i\000l\000e\000\040\000R\000e\000f\000e\000r\000e\000n\000c\000e}{chapter.7}% 199
\BOOKMARK [2][-]{subsection.7.12.1}{\376\377\0007\000.\0001\0002\000.\0001\000\040\000D\000e\000t\000a\000i\000l\000e\000d\000\040\000D\000e\000s\000c\000r\000i\000p\000t\000i\000o\000n}{section.7.12}% 200
\BOOKMARK [2][-]{subsection.7.12.2}{\376\377\0007\000.\0001\0002\000.\0002\000\040\000F\000u\000n\000c\000t\000i\000o\000n\000\040\000D\000o\000c\000u\000m\000e\000n\000t\000a\000t\000i\000o\000n}{section.7.12}% 201
\BOOKMARK [3][-]{subsubsection.7.12.2.1}{\376\377\0007\000.\0001\0002\000.\0002\000.\0001\000\040\000P\000r\000o\000f\000i\000l\000e\000r\000E\000v\000e\000n\000t\000\050\000e\000v\000e\000n\000t\000t\000y\000p\000e\000e\000\040\000e\000v\000e\000n\000t\000t\000y\000p\000e\000,\000\040\000c\000h\000a\000r\000\040\000*\000e\000v\000e\000n\000t\000n\000a\000m\000e\000\051}{subsection.7.12.2}% 202
\BOOKMARK [3][-]{subsubsection.7.12.2.2}{\376\377\0007\000.\0001\0002\000.\0002\000.\0002\000\040\000P\000r\000o\000f\000i\000l\000e\000r\000F\000o\000r\000e\000a\000c\000h\000\050\000v\000o\000i\000d\000\050\000*\000f\000\051\000\050\000c\000o\000n\000s\000t\000\040\000e\000v\000e\000n\000t\000t\000\040\000*\000\051\000\051}{subsection.7.12.2}% 203
\BOOKMARK [1][-]{section.7.13}{\376\377\0007\000.\0001\0003\000\040\000i\000n\000c\000/\000S\000T\0007\0007\0003\0005\000.\000h\000\040\000F\000i\000l\000e\000\040\000R\000e\000f\000e\000r\000e\000n\000c\000e}{chapter.7}% 204
\BOOKMARK [2][-]{subsection.7.13.1}{\376\377\0007\000.\0001\0003\000.\0001\000\040\000D\000e\000t\000a\000i\000l\000e\000d\000\040\000D\000e\000s\000c\000r\000i\000p\000t\000i\000o\000n}{section.7.13}% 205
\BOOKMARK [1][-]{section.7.14}{\376\377\0007\000.\0001\0004\000\040\000i\000n\000c\000/\000S\000T\0007\0007\0003\0005\000\137\000l\000a\000b\0003\000.\000h\000\040\000F\000i\000l\000e\000\040\000R\000e\000f\000e\000r\000e\000n\000c\000e}{chapter.7}% 206
\BOOKMARK [2][-]{subsection.7.14.1}{\376\377\0007\000.\0001\0004\000.\0001\000\040\000D\000e\000t\000a\000i\000l\000e\000d\000\040\000D\000e\000s\000c\000r\000i\000p\000t\000i\000o\000n}{section.7.14}% 207
\BOOKMARK [2][-]{subsection.7.14.2}{\376\377\0007\000.\0001\0004\000.\0002\000\040\000F\000u\000n\000c\000t\000i\000o\000n\000\040\000D\000o\000c\000u\000m\000e\000n\000t\000a\000t\000i\000o\000n}{section.7.14}% 208
\BOOKMARK [3][-]{subsubsection.7.14.2.1}{\376\377\0007\000.\0001\0004\000.\0002\000.\0001\000\040\000O\000u\000t\000p\000u\000t\000C\000o\000l\000o\000r\000\050\000u\000i\000n\000t\0003\0002\000t\000\040\000n\000e\000w\000C\000o\000l\000o\000r\000\051}{subsection.7.14.2}% 209
\BOOKMARK [3][-]{subsubsection.7.14.2.2}{\376\377\0007\000.\0001\0004\000.\0002\000.\0002\000\040\000S\000T\0007\0007\0003\0005\000C\000o\000l\000o\000r\0005\0006\0005\000\050\000u\000i\000n\000t\0008\000t\000\040\000r\000,\000\040\000u\000i\000n\000t\0008\000t\000\040\000g\000,\000\040\000u\000i\000n\000t\0008\000t\000\040\000b\000\051}{subsection.7.14.2}% 210
\BOOKMARK [3][-]{subsubsection.7.14.2.3}{\376\377\0007\000.\0001\0004\000.\0002\000.\0003\000\040\000S\000T\0007\0007\0003\0005\000D\000r\000a\000w\000B\000i\000t\000m\000a\000p\000\050\000i\000n\000t\0001\0006\000t\000\040\000x\000,\000\040\000i\000n\000t\0001\0006\000t\000\040\000y\000,\000\040\000c\000o\000n\000s\000t\000\040\000u\000i\000n\000t\0001\0006\000t\000\040\000*\000i\000m\000a\000g\000e\000,\000\040\000i\000n\000t\0001\0006\000t\000\040\000w\000,\000\040\000i\000n\000t\0001\0006\000t\000\040\000h\000\051}{subsection.7.14.2}% 211
\BOOKMARK [3][-]{subsubsection.7.14.2.4}{\376\377\0007\000.\0001\0004\000.\0002\000.\0004\000\040\000S\000T\0007\0007\0003\0005\000D\000r\000a\000w\000C\000h\000a\000r\000\050\000i\000n\000t\0001\0006\000t\000\040\000x\000,\000\040\000i\000n\000t\0001\0006\000t\000\040\000y\000,\000\040\000c\000h\000a\000r\000\040\000c\000,\000\040\000i\000n\000t\0001\0006\000t\000\040\000t\000e\000x\000t\000C\000o\000l\000o\000r\000,\000\040\000i\000n\000t\0001\0006\000t\000\040\000b\000g\000C\000o\000l\000o\000r\000,\000\040\000u\000i\000n\000t\0008\000t\000\040\000s\000i\000z\000e\000\051}{subsection.7.14.2}% 212
\BOOKMARK [3][-]{subsubsection.7.14.2.5}{\376\377\0007\000.\0001\0004\000.\0002\000.\0005\000\040\000S\000T\0007\0007\0003\0005\000D\000r\000a\000w\000C\000h\000a\000r\000S\000\050\000i\000n\000t\0001\0006\000t\000\040\000x\000,\000\040\000i\000n\000t\0001\0006\000t\000\040\000y\000,\000\040\000c\000h\000a\000r\000\040\000c\000,\000\040\000i\000n\000t\0001\0006\000t\000\040\000t\000e\000x\000t\000C\000o\000l\000o\000r\000,\000\040\000i\000n\000t\0001\0006\000t\000\040\000b\000g\000C\000o\000l\000o\000r\000,\000\040\000u\000i\000n\000t\0008\000t\000\040\000s\000i\000z\000e\000\051}{subsection.7.14.2}% 213
\BOOKMARK [3][-]{subsubsection.7.14.2.6}{\376\377\0007\000.\0001\0004\000.\0002\000.\0006\000\040\000S\000T\0007\0007\0003\0005\000D\000r\000a\000w\000F\000a\000s\000t\000H\000L\000i\000n\000e\000\050\000i\000n\000t\0001\0006\000t\000\040\000x\000,\000\040\000i\000n\000t\0001\0006\000t\000\040\000y\000,\000\040\000i\000n\000t\0001\0006\000t\000\040\000w\000,\000\040\000u\000i\000n\000t\0001\0006\000t\000\040\000c\000o\000l\000o\000r\000\051}{subsection.7.14.2}% 214
\BOOKMARK [3][-]{subsubsection.7.14.2.7}{\376\377\0007\000.\0001\0004\000.\0002\000.\0007\000\040\000S\000T\0007\0007\0003\0005\000D\000r\000a\000w\000F\000a\000s\000t\000V\000L\000i\000n\000e\000\050\000i\000n\000t\0001\0006\000t\000\040\000x\000,\000\040\000i\000n\000t\0001\0006\000t\000\040\000y\000,\000\040\000i\000n\000t\0001\0006\000t\000\040\000h\000,\000\040\000u\000i\000n\000t\0001\0006\000t\000\040\000c\000o\000l\000o\000r\000\051}{subsection.7.14.2}% 215
\BOOKMARK [3][-]{subsubsection.7.14.2.8}{\376\377\0007\000.\0001\0004\000.\0002\000.\0008\000\040\000S\000T\0007\0007\0003\0005\000D\000r\000a\000w\000P\000i\000x\000e\000l\000\050\000i\000n\000t\0001\0006\000t\000\040\000x\000,\000\040\000i\000n\000t\0001\0006\000t\000\040\000y\000,\000\040\000u\000i\000n\000t\0001\0006\000t\000\040\000c\000o\000l\000o\000r\000\051}{subsection.7.14.2}% 216
\BOOKMARK [3][-]{subsubsection.7.14.2.9}{\376\377\0007\000.\0001\0004\000.\0002\000.\0009\000\040\000S\000T\0007\0007\0003\0005\000D\000r\000a\000w\000S\000t\000r\000i\000n\000g\000\050\000u\000i\000n\000t\0001\0006\000t\000\040\000x\000,\000\040\000u\000i\000n\000t\0001\0006\000t\000\040\000y\000,\000\040\000c\000h\000a\000r\000\040\000*\000p\000t\000,\000\040\000i\000n\000t\0001\0006\000t\000\040\000t\000e\000x\000t\000C\000o\000l\000o\000r\000,\000\040\000i\000n\000t\0001\0006\000t\000\040\000b\000g\000C\000o\000l\000o\000r\000\051}{subsection.7.14.2}% 217
\BOOKMARK [3][-]{subsubsection.7.14.2.10}{\376\377\0007\000.\0001\0004\000.\0002\000.\0001\0000\000\040\000S\000T\0007\0007\0003\0005\000F\000i\000l\000l\000R\000e\000c\000t\000\050\000i\000n\000t\0001\0006\000t\000\040\000x\000,\000\040\000i\000n\000t\0001\0006\000t\000\040\000y\000,\000\040\000i\000n\000t\0001\0006\000t\000\040\000w\000,\000\040\000i\000n\000t\0001\0006\000t\000\040\000h\000,\000\040\000u\000i\000n\000t\0001\0006\000t\000\040\000c\000o\000l\000o\000r\000\051}{subsection.7.14.2}% 218
\BOOKMARK [3][-]{subsubsection.7.14.2.11}{\376\377\0007\000.\0001\0004\000.\0002\000.\0001\0001\000\040\000S\000T\0007\0007\0003\0005\000F\000i\000l\000l\000S\000c\000r\000e\000e\000n\000\050\000u\000i\000n\000t\0001\0006\000t\000\040\000c\000o\000l\000o\000r\000\051}{subsection.7.14.2}% 219
\BOOKMARK [3][-]{subsubsection.7.14.2.12}{\376\377\0007\000.\0001\0004\000.\0002\000.\0001\0002\000\040\000S\000T\0007\0007\0003\0005\000I\000n\000i\000t\000R\000\050\000e\000n\000u\000m\000\040\000i\000n\000i\000t\000R\000F\000l\000a\000g\000s\000\040\000o\000p\000t\000i\000o\000n\000\051}{subsection.7.14.2}% 220
\BOOKMARK [3][-]{subsubsection.7.14.2.13}{\376\377\0007\000.\0001\0004\000.\0002\000.\0001\0003\000\040\000S\000T\0007\0007\0003\0005\000I\000n\000v\000e\000r\000t\000D\000i\000s\000p\000l\000a\000y\000\050\000i\000n\000t\000\040\000i\000\051}{subsection.7.14.2}% 221
\BOOKMARK [3][-]{subsubsection.7.14.2.14}{\376\377\0007\000.\0001\0004\000.\0002\000.\0001\0004\000\040\000S\000T\0007\0007\0003\0005\000M\000e\000s\000s\000a\000g\000e\000\050\000i\000n\000t\000\040\000d\000e\000v\000i\000c\000e\000,\000\040\000i\000n\000t\000\040\000l\000i\000n\000e\000,\000\040\000c\000h\000a\000r\000\040\000*\000s\000t\000r\000i\000n\000g\000,\000\040\000i\000n\000t\0003\0002\000t\000\040\000v\000a\000l\000u\000e\000\051}{subsection.7.14.2}% 222
\BOOKMARK [3][-]{subsubsection.7.14.2.15}{\376\377\0007\000.\0001\0004\000.\0002\000.\0001\0005\000\040\000S\000T\0007\0007\0003\0005\000O\000u\000t\000C\000h\000a\000r\000\050\000c\000h\000a\000r\000\040\000c\000h\000\051}{subsection.7.14.2}% 223
\BOOKMARK [3][-]{subsubsection.7.14.2.16}{\376\377\0007\000.\0001\0004\000.\0002\000.\0001\0006\000\040\000S\000T\0007\0007\0003\0005\000O\000u\000t\000S\000t\000r\000i\000n\000g\000\050\000c\000h\000a\000r\000\040\000*\000p\000t\000r\000\051}{subsection.7.14.2}% 224
\BOOKMARK [3][-]{subsubsection.7.14.2.17}{\376\377\0007\000.\0001\0004\000.\0002\000.\0001\0007\000\040\000S\000T\0007\0007\0003\0005\000O\000u\000t\000U\000D\000e\000c\000\050\000u\000i\000n\000t\0003\0002\000t\000\040\000n\000\051}{subsection.7.14.2}% 225
\BOOKMARK [3][-]{subsubsection.7.14.2.18}{\376\377\0007\000.\0001\0004\000.\0002\000.\0001\0008\000\040\000S\000T\0007\0007\0003\0005\000P\000l\000o\000t\000B\000a\000r\000\050\000i\000n\000t\0003\0002\000t\000\040\000y\000\051}{subsection.7.14.2}% 226
\BOOKMARK [3][-]{subsubsection.7.14.2.19}{\376\377\0007\000.\0001\0004\000.\0002\000.\0001\0009\000\040\000S\000T\0007\0007\0003\0005\000P\000l\000o\000t\000C\000l\000e\000a\000r\000\050\000i\000n\000t\0003\0002\000t\000\040\000y\000m\000i\000n\000,\000\040\000i\000n\000t\0003\0002\000t\000\040\000y\000m\000a\000x\000\051}{subsection.7.14.2}% 227
\BOOKMARK [3][-]{subsubsection.7.14.2.20}{\376\377\0007\000.\0001\0004\000.\0002\000.\0002\0000\000\040\000S\000T\0007\0007\0003\0005\000P\000l\000o\000t\000d\000B\000f\000s\000\050\000i\000n\000t\0003\0002\000t\000\040\000y\000\051}{subsection.7.14.2}% 228
\BOOKMARK [3][-]{subsubsection.7.14.2.21}{\376\377\0007\000.\0001\0004\000.\0002\000.\0002\0001\000\040\000S\000T\0007\0007\0003\0005\000P\000l\000o\000t\000L\000i\000n\000e\000\050\000i\000n\000t\0003\0002\000t\000\040\000y\000\051}{subsection.7.14.2}% 229
\BOOKMARK [3][-]{subsubsection.7.14.2.22}{\376\377\0007\000.\0001\0004\000.\0002\000.\0002\0002\000\040\000S\000T\0007\0007\0003\0005\000P\000l\000o\000t\000P\000o\000i\000n\000t\000\050\000i\000n\000t\0003\0002\000t\000\040\000y\000\051}{subsection.7.14.2}% 230
\BOOKMARK [3][-]{subsubsection.7.14.2.23}{\376\377\0007\000.\0001\0004\000.\0002\000.\0002\0003\000\040\000S\000T\0007\0007\0003\0005\000P\000l\000o\000t\000P\000o\000i\000n\000t\000s\000\050\000i\000n\000t\0003\0002\000t\000\040\000y\0001\000,\000\040\000i\000n\000t\0003\0002\000t\000\040\000y\0002\000\051}{subsection.7.14.2}% 231
\BOOKMARK [3][-]{subsubsection.7.14.2.24}{\376\377\0007\000.\0001\0004\000.\0002\000.\0002\0004\000\040\000S\000T\0007\0007\0003\0005\000S\000e\000t\000C\000u\000r\000s\000o\000r\000\050\000u\000i\000n\000t\0003\0002\000t\000\040\000n\000e\000w\000X\000,\000\040\000u\000i\000n\000t\0003\0002\000t\000\040\000n\000e\000w\000Y\000\051}{subsection.7.14.2}% 232
\BOOKMARK [3][-]{subsubsection.7.14.2.25}{\376\377\0007\000.\0001\0004\000.\0002\000.\0002\0005\000\040\000S\000T\0007\0007\0003\0005\000S\000e\000t\000R\000o\000t\000a\000t\000i\000o\000n\000\050\000u\000i\000n\000t\0008\000t\000\040\000m\000\051}{subsection.7.14.2}% 233
\BOOKMARK [3][-]{subsubsection.7.14.2.26}{\376\377\0007\000.\0001\0004\000.\0002\000.\0002\0006\000\040\000S\000T\0007\0007\0003\0005\000S\000e\000t\000T\000e\000x\000t\000C\000o\000l\000o\000r\000\050\000u\000i\000n\000t\0001\0006\000t\000\040\000c\000o\000l\000o\000r\000\051}{subsection.7.14.2}% 234
\BOOKMARK [3][-]{subsubsection.7.14.2.27}{\376\377\0007\000.\0001\0004\000.\0002\000.\0002\0007\000\040\000S\000T\0007\0007\0003\0005\000S\000w\000a\000p\000C\000o\000l\000o\000r\000\050\000u\000i\000n\000t\0001\0006\000t\000\040\000x\000\051}{subsection.7.14.2}% 235
\BOOKMARK [1][-]{section.7.15}{\376\377\0007\000.\0001\0005\000\040\000i\000n\000c\000/\000U\000A\000R\000T\000.\000h\000\040\000F\000i\000l\000e\000\040\000R\000e\000f\000e\000r\000e\000n\000c\000e}{chapter.7}% 236
\BOOKMARK [2][-]{subsection.7.15.1}{\376\377\0007\000.\0001\0005\000.\0001\000\040\000D\000e\000t\000a\000i\000l\000e\000d\000\040\000D\000e\000s\000c\000r\000i\000p\000t\000i\000o\000n}{section.7.15}% 237
\BOOKMARK [2][-]{subsection.7.15.2}{\376\377\0007\000.\0001\0005\000.\0002\000\040\000F\000u\000n\000c\000t\000i\000o\000n\000\040\000D\000o\000c\000u\000m\000e\000n\000t\000a\000t\000i\000o\000n}{section.7.15}% 238
\BOOKMARK [3][-]{subsubsection.7.15.2.1}{\376\377\0007\000.\0001\0005\000.\0002\000.\0001\000\040\000U\000A\000R\000T\000I\000n\000C\000h\000a\000r\000\050\000v\000o\000i\000d\000\051}{subsection.7.15.2}% 239
\BOOKMARK [3][-]{subsubsection.7.15.2.2}{\376\377\0007\000.\0001\0005\000.\0002\000.\0002\000\040\000U\000A\000R\000T\000I\000n\000S\000t\000r\000i\000n\000g\000\050\000c\000h\000a\000r\000\040\000*\000b\000u\000f\000P\000t\000,\000\040\000u\000i\000n\000t\0001\0006\000t\000\040\000m\000a\000x\000\051}{subsection.7.15.2}% 240
\BOOKMARK [3][-]{subsubsection.7.15.2.3}{\376\377\0007\000.\0001\0005\000.\0002\000.\0003\000\040\000U\000A\000R\000T\000I\000n\000U\000D\000e\000c\000\050\000v\000o\000i\000d\000\051}{subsection.7.15.2}% 241
\BOOKMARK [3][-]{subsubsection.7.15.2.4}{\376\377\0007\000.\0001\0005\000.\0002\000.\0004\000\040\000U\000A\000R\000T\000I\000n\000U\000H\000e\000x\000\050\000v\000o\000i\000d\000\051}{subsection.7.15.2}% 242
\BOOKMARK [3][-]{subsubsection.7.15.2.5}{\376\377\0007\000.\0001\0005\000.\0002\000.\0005\000\040\000U\000A\000R\000T\000O\000u\000t\000C\000h\000a\000r\000\050\000c\000h\000a\000r\000\040\000d\000a\000t\000a\000\051}{subsection.7.15.2}% 243
\BOOKMARK [3][-]{subsubsection.7.15.2.6}{\376\377\0007\000.\0001\0005\000.\0002\000.\0006\000\040\000U\000A\000R\000T\000O\000u\000t\000S\000t\000r\000i\000n\000g\000\050\000c\000h\000a\000r\000\040\000*\000p\000t\000\051}{subsection.7.15.2}% 244
\BOOKMARK [3][-]{subsubsection.7.15.2.7}{\376\377\0007\000.\0001\0005\000.\0002\000.\0007\000\040\000U\000A\000R\000T\000O\000u\000t\000U\000D\000e\000c\000\050\000u\000i\000n\000t\0003\0002\000t\000\040\000n\000\051}{subsection.7.15.2}% 245
\BOOKMARK [3][-]{subsubsection.7.15.2.8}{\376\377\0007\000.\0001\0005\000.\0002\000.\0008\000\040\000U\000A\000R\000T\000O\000u\000t\000U\000H\000e\000x\000\050\000u\000i\000n\000t\0003\0002\000t\000\040\000n\000u\000m\000b\000e\000r\000\051}{subsection.7.15.2}% 246
\BOOKMARK [0][-]{section*.87}{\376\377\000I\000n\000d\000e\000x}{}% 247
